android/app/build/outputs/mapping/release/seeds.txt
com.jypdaproject.MainActivity
com.jypdaproject.MainActivity: MainActivity()
com.jypdaproject.MainApplication
com.jypdaproject.MainApplication: MainApplication()
com.jypdaproject.R$anim: int abc_fade_in
com.jypdaproject.R$anim: int abc_fade_out
com.jypdaproject.R$anim: int abc_grow_fade_in_from_bottom
com.jypdaproject.R$anim: int abc_popup_enter
com.jypdaproject.R$anim: int abc_popup_exit
com.jypdaproject.R$anim: int abc_shrink_fade_out_from_bottom
com.jypdaproject.R$anim: int abc_slide_in_bottom
com.jypdaproject.R$anim: int abc_slide_in_top
com.jypdaproject.R$anim: int abc_slide_out_bottom
com.jypdaproject.R$anim: int abc_slide_out_top
com.jypdaproject.R$anim: int catalyst_push_up_in
com.jypdaproject.R$anim: int catalyst_push_up_out
com.jypdaproject.R$anim: int fade_in
com.jypdaproject.R$anim: int fade_out
com.jypdaproject.R$anim: int slide_down
com.jypdaproject.R$anim: int slide_up
com.jypdaproject.R$attr: int actionBarDivider
com.jypdaproject.R$attr: int actionBarItemBackground
com.jypdaproject.R$attr: int actionBarPopupTheme
com.jypdaproject.R$attr: int actionBarSize
com.jypdaproject.R$attr: int actionBarSplitStyle
com.jypdaproject.R$attr: int actionBarStyle
com.jypdaproject.R$attr: int actionBarTabBarStyle
com.jypdaproject.R$attr: int actionBarTabStyle
com.jypdaproject.R$attr: int actionBarTabTextStyle
com.jypdaproject.R$attr: int actionBarTheme
com.jypdaproject.R$attr: int actionBarWidgetTheme
com.jypdaproject.R$attr: int actionButtonStyle
com.jypdaproject.R$attr: int actionDropDownStyle
com.jypdaproject.R$attr: int actionLayout
com.jypdaproject.R$attr: int actionMenuTextAppearance
com.jypdaproject.R$attr: int actionMenuTextColor
com.jypdaproject.R$attr: int actionModeBackground
com.jypdaproject.R$attr: int actionModeCloseButtonStyle
com.jypdaproject.R$attr: int actionModeCloseDrawable
com.jypdaproject.R$attr: int actionModeCopyDrawable
com.jypdaproject.R$attr: int actionModeCutDrawable
com.jypdaproject.R$attr: int actionModeFindDrawable
com.jypdaproject.R$attr: int actionModePasteDrawable
com.jypdaproject.R$attr: int actionModePopupWindowStyle
com.jypdaproject.R$attr: int actionModeSelectAllDrawable
com.jypdaproject.R$attr: int actionModeShareDrawable
com.jypdaproject.R$attr: int actionModeSplitBackground
com.jypdaproject.R$attr: int actionModeStyle
com.jypdaproject.R$attr: int actionModeWebSearchDrawable
com.jypdaproject.R$bool: int abc_action_bar_embed_tabs
com.jypdaproject.R$bool: int abc_action_bar_embed_tabs_pre_jb
com.jypdaproject.R$bool: int abc_action_bar_expanded_action_views_exclusive
com.jypdaproject.R$bool: int abc_config_actionMenuItemAllCaps
com.jypdaproject.R$bool: int abc_config_allowActionMenuItemTextWithIcon
com.jypdaproject.R$bool: int abc_config_closeDialogWhenTouchOutside
com.jypdaproject.R$bool: int abc_config_showMenuShortcutsWhenKeyboardPresent
...
com.facebook.react.views.drawer.ReactDrawerLayoutManager
com.facebook.react.views.drawer.ReactDrawerLayoutManager: java.lang.String REACT_CLASS
com.facebook.react.views.drawer.ReactDrawerLayoutManager: int OPEN_DRAWER
com.facebook.react.views.drawer.ReactDrawerLayoutManager: int CLOSE_DRAWER
com.facebook.react.views.drawer.ReactDrawerLayoutManager: ReactDrawerLayoutManager()
com.facebook.react.views.drawer.ReactDrawerLayoutManager: java.lang.String getName()
com.facebook.react.views.drawer.ReactDrawerLayoutManager: void addEventEmitters(com.facebook.react.uimanager.ThemedReactContext,com.facebook.react.views.drawer.ReactDrawerLayout)
com.facebook.react.views.drawer.ReactDrawerLayoutManager: com.facebook.react.views.drawer.ReactDrawerLayout createViewInstance(com.facebook.react.uimanager.ThemedReactContext)
com.facebook.react.views.drawer.ReactDrawerLayoutManager: void setDrawerPosition(com.facebook.react.views.drawer.ReactDrawerLayout,int)
com.facebook.react.views.drawer.ReactDrawerLayoutManager: void getDrawerWidth(com.facebook.react.views.drawer.ReactDrawerLayout,float)
com.facebook.react.views.drawer.ReactDrawerLayoutManager: void setDrawerLockMode(com.facebook.react.views.drawer.ReactDrawerLayout,java.lang.String)
com.facebook.react.views.drawer.ReactDrawerLayoutManager: void setElevation(com.facebook.react.views.drawer.ReactDrawerLayout,float)
com.facebook.react.views.drawer.ReactDrawerLayoutManager: boolean needsCustomLayoutForChildren()
com.facebook.react.views.image.ImageResizeMethod: com.facebook.react.views.image.ImageResizeMethod[] values()
com.facebook.react.views.image.ImageResizeMethod: com.facebook.react.views.image.ImageResizeMethod valueOf(java.lang.String)
com.facebook.react.views.image.ReactImageManager
com.facebook.react.views.image.ReactImageManager: java.lang.String REACT_CLASS
com.facebook.react.views.image.ReactImageManager: com.facebook.drawee.controller.AbstractDraweeControllerBuilder mDraweeControllerBuilder
com.facebook.react.views.image.ReactImageManager: java.lang.Object mCallerContext
com.facebook.react.views.image.ReactImageManager: java.lang.String getName()
com.facebook.react.views.image.ReactImageManager: ReactImageManager(com.facebook.drawee.controller.AbstractDraweeControllerBuilder,java.lang.Object)
com.facebook.react.views.image.ReactImageManager: ReactImageManager()
com.facebook.react.views.image.ReactImageManager: com.facebook.drawee.controller.AbstractDraweeControllerBuilder getDraweeControllerBuilder()
com.facebook.react.views.image.ReactImageManager: java.lang.Object getCallerContext()
com.facebook.react.views.image.ReactImageManager: com.facebook.react.views.image.ReactImageView createViewInstance(com.facebook.react.uimanager.ThemedReactContext)
com.facebook.react.views.image.ReactImageManager: void setSource(com.facebook.react.views.image.ReactImageView,com.facebook.react.bridge.ReadableArray)
com.facebook.react.views.image.ReactImageManager: void setBlurRadius(com.facebook.react.views.image.ReactImageView,float)
com.facebook.react.views.image.ReactImageManager: void setLoadingIndicatorSource(com.facebook.react.views.image.ReactImageView,java.lang.String)