android/app/build/outputs/mapping/release/usage.txt
com.jypdaproject.BuildConfig
com.jypdaproject.R
com.jypdaproject.R$anim
com.jypdaproject.R$attr
com.jypdaproject.R$bool
com.jypdaproject.R$color
com.jypdaproject.R$dimen
com.jypdaproject.R$drawable
com.jypdaproject.R$id
com.jypdaproject.R$integer
com.jypdaproject.R$layout
com.jypdaproject.R$mipmap
com.jypdaproject.R$string
com.jypdaproject.R$style
com.jypdaproject.R$styleable
com.jypdaproject.R$xml
...
android.support.v7.app.AppCompatActivity
android.support.v7.app.AppCompatCallback
android.support.v7.app.AppCompatDelegate
android.support.v7.app.AppCompatDelegateImplBase
android.support.v7.app.AppCompatDelegateImplBase$1
android.support.v7.app.AppCompatDelegateImplBase$ActionBarDrawableToggleImpl
android.support.v7.app.AppCompatDelegateImplBase$AppCompatWindowCallbackBase
android.support.v7.app.AppCompatDelegateImplV11
android.support.v7.app.AppCompatDelegateImplV14
android.support.v7.app.AppCompatDelegateImplV14$AppCompatWindowCallbackV14
android.support.v7.app.AppCompatDelegateImplV23
android.support.v7.app.AppCompatDelegateImplV23$AppCompatWindowCallbackV23
android.support.v7.app.AppCompatDelegateImplV7
android.support.v7.app.AppCompatDelegateImplV7$1
android.support.v7.app.AppCompatDelegateImplV7$2
android.support.v7.app.AppCompatDelegateImplV7$3
android.support.v7.app.AppCompatDelegateImplV7$4
android.support.v7.app.AppCompatDelegateImplV7$4$1
android.support.v7.app.AppCompatDelegateImplV7$5
android.support.v7.app.AppCompatDelegateImplV7$ActionMenuPresenterCallback
android.support.v7.app.AppCompatDelegateImplV7$ActionModeCallbackWrapperV7
android.support.v7.app.AppCompatDelegateImplV7$ActionModeCallbackWrapperV7$1
android.support.v7.app.AppCompatDelegateImplV7$ListMenuDecorView
android.support.v7.app.AppCompatDelegateImplV7$PanelFeatureState
android.support.v7.app.AppCompatDelegateImplV7$PanelFeatureState$SavedState
android.support.v7.app.AppCompatDelegateImplV7$PanelFeatureState$SavedState$1
android.support.v7.app.AppCompatDelegateImplV7$PanelMenuPresenterCallback
android.support.v7.app.AppCompatDialog
android.support.v7.app.AppCompatDialogFragment
android.support.v7.app.NotificationCompat
android.support.v7.app.NotificationCompat$1
android.support.v7.app.NotificationCompat$Builder
android.support.v7.app.NotificationCompat$IceCreamSandwichExtender
android.support.v7.app.NotificationCompat$JellybeanExtender
android.support.v7.app.NotificationCompat$LollipopExtender
android.support.v7.app.NotificationCompat$MediaStyle
android.support.v7.app.TwilightCalculator
android.support.v7.app.TwilightManager
android.support.v7.app.TwilightManager$1
android.support.v7.app.TwilightManager$TwilightState
android.support.v7.appcompat.BuildConfig
android.support.v7.appcompat.R:
    9:9:public R()
android.support.v7.appcompat.R$anim
android.support.v7.appcompat.R$attr:
    22:22:public R$attr()
android.support.v7.appcompat.R$bool:
    227:227:public R$bool()
android.support.v7.appcompat.R$color
android.support.v7.appcompat.R$dimen:
    308:308:public R$dimen()
android.support.v7.appcompat.R$drawable:
    382:382:public R$drawable()
android.support.v7.appcompat.R$id:
    447:447:public R$id()
android.support.v7.appcompat.R$integer:
    539:539:public R$integer()
android.support.v7.appcompat.R$layout:
    546:546:public R$layout()
android.support.v7.appcompat.R$string:
    584:584:public R$string()
android.support.v7.appcompat.R$style:
    604:604:public R$style()
android.support.v7.appcompat.R$styleable:
    908:908:public R$styleable()
android.support.v7.graphics.drawable.DrawableUtils:
    25:25:public DrawableUtils()
android.support.v7.graphics.drawable.DrawableWrapper:
    211:211:public android.graphics.drawable.Drawable getWrappedDrawable()
android.support.v7.graphics.drawable.DrawerArrowDrawable
android.support.v7.graphics.drawable.DrawerArrowDrawable$ArrowDirection
android.support.v7.internal.VersionUtils:
    10:10:private VersionUtils()
android.support.v7.internal.app.AppCompatViewInflater
android.support.v7.internal.app.NavItemSelectedListener
android.support.v7.internal.app.NotificationCompatImpl21
android.support.v7.internal.app.NotificationCompatImplBase
android.support.v7.internal.app.ToolbarActionBar
android.support.v7.internal.app.ToolbarActionBar$1
android.support.v7.internal.app.ToolbarActionBar$2
android.support.v7.internal.app.ToolbarActionBar$ActionMenuPresenterCallback